<?xml version="1.0" encoding="UTF-8"?>
<!-- Generated by org.testng.reporters.JUnitReportReporter -->
<testsuite hostname="DESKTOP-9P8UNRB" failures="0" tests="2" name="TestNGAnnotations.Beforemethode" time="0.013" errors="0" timestamp="2024-10-05T10:55:32 IST" skipped="0">
  <testcase classname="TestNGAnnotations.Beforemethode" name="search" time="0.008"/>
  <system-out/>
  <testcase classname="TestNGAnnotations.Beforemethode" name="advanceSearch" time="0.005"/>
  <system-out/>
</testsuite> <!-- TestNGAnnotations.Beforemethode -->
