<?xml version="1.0" encoding="UTF-8"?>
<!-- Generated by org.testng.reporters.JUnitReportReporter -->
<testsuite hostname="DESKTOP-9P8UNRB" failures="0" tests="2" name="TestNGGrouping.FunctionalTestSuite" time="0.009" errors="0" timestamp="2024-10-05T19:11:25 IST" skipped="0">
  <testcase classname="TestNGGrouping.FunctionalTestSuite" name="paymentThroughDollar" time="0.008"/>
  <system-out/>
  <testcase classname="TestNGGrouping.FunctionalTestSuite" name="paymentThroughRupee" time="0.001"/>
  <system-out/>
</testsuite> <!-- TestNGGrouping.FunctionalTestSuite -->
