<?xml version="1.0" encoding="UTF-8"?>
<!-- Generated by org.testng.reporters.JUnitReportReporter -->
<testsuite hostname="DESKTOP-9P8UNRB" failures="0" tests="1" name="POM01.LoginTest" time="3.518" errors="0" timestamp="2024-10-10T09:59:03 IST" skipped="0">
  <testcase classname="POM01.LoginTest" name="testLogin" time="3.518"/>
  <system-out/>
</testsuite> <!-- POM01.LoginTest -->
