<?xml version="1.0" encoding="UTF-8"?>
<!-- Generated by org.testng.reporters.JUnitReportReporter -->
<testsuite hostname="DESKTOP-9P8UNRB" failures="0" tests="1" name="TestNGAnnotations.SuiteMethod" time="0.001" errors="0" timestamp="2024-10-05T11:29:34 IST" skipped="0">
  <testcase classname="TestNGAnnotations.SuiteMethod" name="SuiteMethod" time="0.001"/>
  <system-out/>
</testsuite> <!-- TestNGAnnotations.SuiteMethod -->
