<?xml version="1.0" encoding="UTF-8"?>
<!-- Generated by org.testng.reporters.JUnitReportReporter -->
<testsuite hostname="DESKTOP-9P8UNRB" failures="0" tests="3" name="TestNG01.FirstTestCase" time="0.013" errors="0" timestamp="2024-10-05T18:34:13 IST" skipped="0">
  <testcase classname="TestNG01.FirstTestCase" name="openURL" time="0.009"/>
  <system-out/>
  <testcase classname="TestNG01.FirstTestCase" name="login" time="0.002"/>
  <system-out/>
  <testcase classname="TestNG01.FirstTestCase" name="logout" time="0.002"/>
  <system-out/>
</testsuite> <!-- TestNG01.FirstTestCase -->
