<?xml version="1.0" encoding="UTF-8"?>
<!-- Generated by org.testng.reporters.JUnitReportReporter -->
<testsuite hostname="DESKTOP-9P8UNRB" failures="0" tests="1" name="ReadDataFromJSON.ReadData" time="0.062" errors="0" timestamp="2025-03-29T10:46:03 IST" skipped="0">
  <testcase classname="ReadDataFromJSON.ReadData" name="getDataFromJSON" time="0.062"/>
  <system-out/>
</testsuite> <!-- ReadDataFromJSON.ReadData -->
