<?xml version="1.0" encoding="UTF-8"?>
<!-- Generated by org.testng.reporters.JUnitReportReporter -->
<testsuite hostname="DESKTOP-9P8UNRB" failures="0" tests="3" name="TestNGGrouping.RegressionSuite" time="0.011" errors="0" timestamp="2024-10-05T19:11:57 IST" skipped="0">
  <testcase classname="TestNGGrouping.RegressionSuite" name="singUpByFaceBook" time="0.009"/>
  <system-out/>
  <testcase classname="TestNGGrouping.RegressionSuite" name="singUpByTwitter" time="0.001"/>
  <system-out/>
  <testcase classname="TestNGGrouping.RegressionSuite" name="singUpByMobNo" time="0.001"/>
  <system-out/>
</testsuite> <!-- TestNGGrouping.RegressionSuite -->
