<?xml version="1.0" encoding="UTF-8"?>
<!-- Generated by org.testng.reporters.JUnitReportReporter -->
<testsuite hostname="DESKTOP-9P8UNRB" failures="0" tests="1" name="Parameterization.DataProviderAnnotation" time="5.885" errors="0" timestamp="2024-10-06T10:33:19 IST" skipped="0">
  <testcase classname="Parameterization.DataProviderAnnotation" name="testLogin" time="5.885"/>
  <system-out/>
</testsuite> <!-- Parameterization.DataProviderAnnotation -->
