<?xml version="1.0" encoding="UTF-8"?>
<!-- Generated by org.testng.reporters.JUnitReportReporter -->
<testsuite hostname="DESKTOP-9P8UNRB" failures="0" tests="1" name="TestNGAssertions.AssertionDemo" time="0.009" errors="0" timestamp="2024-10-05T12:48:35 IST" skipped="0">
  <testcase classname="TestNGAssertions.AssertionDemo" name="test" time="0.009"/>
  <system-out/>
</testsuite> <!-- TestNGAssertions.AssertionDemo -->
