<?xml version="1.0" encoding="UTF-8"?>
<!-- Generated by org.testng.reporters.JUnitReportReporter -->
<testsuite hostname="DESKTOP-9P8UNRB" failures="0" tests="3" name="TestNGGrouping.SanitySuite" time="0.006" errors="0" timestamp="2024-10-05T19:11:25 IST" skipped="0">
  <testcase classname="TestNGGrouping.SanitySuite" name="loginByTwitter" time="0.002"/>
  <system-out/>
  <testcase classname="TestNGGrouping.SanitySuite" name="loginByFaceBook" time="0.002"/>
  <system-out/>
  <testcase classname="TestNGGrouping.SanitySuite" name="loginByMobNo" time="0.002"/>
  <system-out/>
</testsuite> <!-- TestNGGrouping.SanitySuite -->
