<?xml version="1.0" encoding="UTF-8"?>
<!-- Generated by org.testng.reporters.JUnitReportReporter -->
<testsuite hostname="DESKTOP-9P8UNRB" failures="0" tests="3" name="Listeners.NormalReport" time="0.068" errors="0" timestamp="2024-10-07T18:59:16 IST" skipped="0">
  <testcase classname="Listeners.NormalReport" name="logoValidation" time="0.054"/>
  <system-out/>
  <testcase classname="Listeners.NormalReport" name="titleValidation" time="0.007"/>
  <system-out/>
  <testcase classname="Listeners.NormalReport" name="urlValidation" time="0.007"/>
  <system-out/>
</testsuite> <!-- Listeners.NormalReport -->
