<?xml version="1.0" encoding="UTF-8"?>
<!-- Generated by org.testng.reporters.JUnitReportReporter -->
<testsuite hostname="DESKTOP-9P8UNRB" failures="0" tests="3" name="Parameterization_DataProvider_ParallelExe.DataProviderAnnotation" time="0.082" errors="0" timestamp="2024-10-06T11:47:04 IST" skipped="0">
  <testcase classname="Parameterization_DataProvider_ParallelExe.DataProviderAnnotation" name="titleValidation" time="0.009"/>
  <system-out/>
  <testcase classname="Parameterization_DataProvider_ParallelExe.DataProviderAnnotation" name="logoValidation" time="0.065"/>
  <system-out/>
  <testcase classname="Parameterization_DataProvider_ParallelExe.DataProviderAnnotation" name="urlValidation" time="0.008"/>
  <system-out/>
</testsuite> <!-- Parameterization_DataProvider_ParallelExe.DataProviderAnnotation -->
