<?xml version="1.0" encoding="UTF-8"?>
<!-- Generated by org.testng.reporters.JUnitReportReporter -->
<testsuite hostname="DESKTOP-9P8UNRB" failures="0" tests="2" name="TestNGAnnotations.BeforeClass01" time="0.007" errors="0" timestamp="2024-10-05T10:59:31 IST" skipped="0">
  <testcase classname="TestNGAnnotations.BeforeClass01" name="search" time="0.006"/>
  <system-out/>
  <testcase classname="TestNGAnnotations.BeforeClass01" name="advanceSearch" time="0.001"/>
  <system-out/>
</testsuite> <!-- TestNGAnnotations.BeforeClass01 -->
